<?xml version="1.0" encoding="UTF-8"?>
<!-- Generated by org.testng.reporters.JUnitXMLReporter -->
<testsuite hostname="Dhana" ignored="0" name="GrootantechWebsite Test" tests="1" failures="1" timestamp="03 Nov 2020 09:25:35 GMT" time="20.124" errors="0">
  <testcase name="compareImage" time="11.187" classname="com.grootantech.testCases.ImageComparison">
    <failure type="java.lang.AssertionError" message="Result of Image comparsion expected [false] but found [true]">
      <![CDATA[java.lang.AssertionError: Result of Image comparsion expected [false] but found [true]
at com.grootantech.testCases.ImageComparison.compareImage(ImageComparison.java:49)
... Removed 28 stack frames]]>
    </failure>
  </testcase> <!-- compareImage -->
</testsuite> <!-- GrootantechWebsite Test -->
