<?xml version="1.0" encoding="UTF-8"?>
<testng-results skipped="0" failed="1" ignored="0" total="2" passed="1">
  <reporter-output>
  </reporter-output>
  <suite name="Default suite" duration-ms="48959" started-at="2020-11-03T18:05:12Z" finished-at="2020-11-03T18:06:01Z">
    <groups>
    </groups>
    <test name="Default test" duration-ms="48959" started-at="2020-11-03T18:05:12Z" finished-at="2020-11-03T18:06:01Z">
      <class name="com.grootantech.testCases.ImageComparison">
        <test-method status="PASS" signature="setup()[pri:0, instance:com.grootantech.testCases.ImageComparison@13b5d16]" name="setup" is-config="true" duration-ms="6265" started-at="2020-11-03T18:05:12Z" finished-at="2020-11-03T18:05:18Z">
          <reporter-output>
          </reporter-output>
        </test-method> <!-- setup -->
        <test-method status="FAIL" signature="compareImage()[pri:0, instance:com.grootantech.testCases.ImageComparison@13b5d16]" name="compareImage" duration-ms="8297" started-at="2020-11-03T18:05:18Z" finished-at="2020-11-03T18:05:26Z">
          <exception class="java.lang.AssertionError">
            <message>
              <![CDATA[Result of Image comparsion expected [false] but found [true]]]>
            </message>
            <full-stacktrace>
              <![CDATA[java.lang.AssertionError: Result of Image comparsion expected [false] but found [true]
at org.testng.Assert.fail(Assert.java:96)
at org.testng.Assert.failNotEquals(Assert.java:776)
at org.testng.Assert.assertFalse(Assert.java:65)
at com.grootantech.testCases.ImageComparison.compareImage(ImageComparison.java:55)
at sun.reflect.NativeMethodAccessorImpl.invoke0(Native Method)
at sun.reflect.NativeMethodAccessorImpl.invoke(Unknown Source)
at sun.reflect.DelegatingMethodAccessorImpl.invoke(Unknown Source)
at java.lang.reflect.Method.invoke(Unknown Source)
at org.testng.internal.MethodInvocationHelper.invokeMethod(MethodInvocationHelper.java:124)
at org.testng.internal.Invoker.invokeMethod(Invoker.java:583)
at org.testng.internal.Invoker.invokeTestMethod(Invoker.java:719)
at org.testng.internal.Invoker.invokeTestMethods(Invoker.java:989)
at org.testng.internal.TestMethodWorker.invokeTestMethods(TestMethodWorker.java:125)
at org.testng.internal.TestMethodWorker.run(TestMethodWorker.java:109)
at org.testng.TestRunner.privateRun(TestRunner.java:648)
at org.testng.TestRunner.run(TestRunner.java:505)
at org.testng.SuiteRunner.runTest(SuiteRunner.java:455)
at org.testng.SuiteRunner.runSequentially(SuiteRunner.java:450)
at org.testng.SuiteRunner.privateRun(SuiteRunner.java:415)
at org.testng.SuiteRunner.run(SuiteRunner.java:364)
at org.testng.SuiteRunnerWorker.runSuite(SuiteRunnerWorker.java:52)
at org.testng.SuiteRunnerWorker.run(SuiteRunnerWorker.java:84)
at org.testng.TestNG.runSuitesSequentially(TestNG.java:1208)
at org.testng.TestNG.runSuitesLocally(TestNG.java:1137)
at org.testng.TestNG.runSuites(TestNG.java:1049)
at org.testng.TestNG.run(TestNG.java:1017)
at org.testng.remote.AbstractRemoteTestNG.run(AbstractRemoteTestNG.java:115)
at org.testng.remote.RemoteTestNG.initAndRun(RemoteTestNG.java:251)
at org.testng.remote.RemoteTestNG.main(RemoteTestNG.java:77)
]]>
            </full-stacktrace>
          </exception> <!-- java.lang.AssertionError -->
          <reporter-output>
          </reporter-output>
        </test-method> <!-- compareImage -->
        <test-method status="PASS" signature="getDesignationReport()[pri:0, instance:com.grootantech.testCases.ImageComparison@13b5d16]" name="getDesignationReport" duration-ms="34086" started-at="2020-11-03T18:05:26Z" finished-at="2020-11-03T18:06:00Z">
          <reporter-output>
          </reporter-output>
        </test-method> <!-- getDesignationReport -->
        <test-method status="PASS" signature="teardown()[pri:0, instance:com.grootantech.testCases.ImageComparison@13b5d16]" name="teardown" is-config="true" duration-ms="261" started-at="2020-11-03T18:06:00Z" finished-at="2020-11-03T18:06:01Z">
          <reporter-output>
          </reporter-output>
        </test-method> <!-- teardown -->
      </class> <!-- com.grootantech.testCases.ImageComparison -->
    </test> <!-- Default test -->
  </suite> <!-- Default suite -->
</testng-results>
